{
  "RSpec": {
    "coverage": {
      "/Users/chriswynne/Projects/Week1/Boris-Bikes/spec/bike_spec.rb": [
        1,
        null,
        1,
        null,
        4,
        null,
        1,
        1,
        null,
        null,
        1,
        null,
        1,
        1,
        1,
        null,
        null,
        null,
        null,
        1,
        null,
        1,
        1,
        1,
        1,
        null,
        null,
        null,
        null,
        null
      ],
      "/Users/chriswynne/Projects/Week1/Boris-Bikes/lib/bike.rb": [
        1,
        null,
        1,
        null,
        1,
        4,
        null,
        null,
        1,
        3,
        null,
        null,
        1,
        2,
        null,
        null,
        null
      ],
      "/Users/chriswynne/Projects/Week1/Boris-Bikes/spec/dockingstation_spec.rb": [
        1,
        null,
        1,
        null,
        11,
        12,
        null,
        1,
        11,
        null,
        null,
        1,
        null,
        1,
        1,
        1,
        null,
        null,
        1,
        1,
        21,
        2,
        null,
        null,
        null,
        null,
        null,
        1,
        1,
        1,
        1,
        null,
        null,
        null,
        1,
        null,
        1,
        1,
        1,
        1,
        null,
        null,
        1,
        2,
        null,
        null,
        1,
        1,
        1,
        1,
        2,
        null,
        null,
        null,
        null,
        1,
        1,
        1,
        null,
        null,
        1,
        1,
        1,
        null,
        null,
        null,
        1,
        1,
        1,
        1,
        null,
        1,
        1,
        1,
        1,
        null,
        null,
        null,
        1,
        1,
        1,
        1,
        null,
        null,
        null,
        null
      ],
      "/Users/chriswynne/Projects/Week1/Boris-Bikes/lib/dockingstation.rb": [
        1,
        null,
        1,
        null,
        1,
        null,
        1,
        null,
        1,
        12,
        12,
        12,
        null,
        null,
        1,
        3,
        1,
        null,
        null,
        1,
        23,
        22,
        null,
        null,
        1,
        5,
        5,
        5,
        null,
        null,
        1,
        6,
        3,
        3,
        null,
        null,
        1,
        2,
        2,
        null,
        null,
        null,
        1,
        null,
        1,
        28,
        null,
        null,
        null
      ],
      "/Users/chriswynne/Projects/Week1/Boris-Bikes/spec/feature/feature_spec.rb": [
        1,
        1,
        1,
        1,
        null,
        null,
        1,
        null,
        2,
        2,
        2,
        2,
        null,
        1,
        null,
        1,
        1,
        1,
        1,
        1,
        1,
        1,
        1,
        1,
        1,
        1,
        1,
        1,
        null,
        null,
        null
      ],
      "/Users/chriswynne/Projects/Week1/Boris-Bikes/lib/garage.rb": [
        1,
        null,
        null,
        1,
        1,
        5,
        null,
        null,
        1,
        5,
        5,
        null,
        null,
        null,
        1,
        5,
        5,
        null,
        null,
        null,
        1,
        6,
        6,
        3,
        null,
        null,
        null
      ],
      "/Users/chriswynne/Projects/Week1/Boris-Bikes/lib/van.rb": [
        1,
        null,
        1,
        null,
        1,
        6,
        null,
        null,
        1,
        6,
        6,
        null,
        null,
        null,
        1,
        8,
        1,
        null,
        3,
        null,
        4,
        null,
        null,
        1,
        2,
        2,
        null,
        null,
        null,
        null,
        null,
        null
      ],
      "/Users/chriswynne/Projects/Week1/Boris-Bikes/spec/garage_spec.rb": [
        1,
        null,
        1,
        5,
        5,
        null,
        1,
        4,
        4,
        null,
        null,
        1,
        null,
        1,
        1,
        null,
        null,
        null,
        null,
        1,
        null,
        1,
        1,
        null,
        null,
        null,
        null,
        1,
        null,
        1,
        1,
        null,
        1,
        1,
        1,
        null,
        null,
        null,
        null,
        null
      ],
      "/Users/chriswynne/Projects/Week1/Boris-Bikes/spec/van_spec.rb": [
        1,
        null,
        1,
        6,
        6,
        6,
        6,
        null,
        1,
        5,
        5,
        5,
        5,
        null,
        null,
        1,
        null,
        1,
        1,
        null,
        1,
        1,
        null,
        null,
        null,
        null,
        1,
        null,
        1,
        1,
        1,
        null,
        1,
        1,
        1,
        null,
        null,
        null,
        null,
        1,
        null,
        1,
        1,
        1,
        null,
        null,
        null,
        null,
        null
      ]
    },
    "timestamp": 1452538494
  }
}
